2022-01-23 18:31:45,427 [  27788]   WARN - l.NotificationGroupManagerImpl - Notification group CodeWithMe is already registered (group=com.intellij.notification.NotificationGroup@56aee5bd). Plugin descriptor: PluginDescriptor(name=Code With Me, id=com.jetbrains.codeWithMe, descriptorPath=plugin.xml, path=/opt/idea-IC-213.5744.223/plugins/cwm-plugin, version=213.5744.223, package=null, isBundled=true) 
2022-01-23 18:31:47,161 [  29522]   WARN - gnostic.PerformanceWatcherImpl - UI was frozen for 5978ms, details saved to /home/appmgr/.cache/JetBrains/IdeaIC2021.3/log/threadDumps-freeze-20220123-183145-IC-213.5744.223-5sec 
Info  | RdCoroutineScope          | 17:JobScheduler FJ pool 0/1 | RdCoroutineHost overridden 
2022-01-23 18:32:10,030 [  52391]   WARN - ctionSystem.impl.ActionUpdater - 387 ms to grab EDT for CWMTelephonyGroup#update (com.jetbrains.rd.platform.codeWithMe.telephony.CWMTelephonyGroup) 
2022-01-23 18:32:11,745 [  54106]   WARN - ctionSystem.impl.ActionUpdater - 556 ms to call on EDT SpaceMainToolBarAction#update (com.intellij.space.actions.SpaceMainToolBarAction) - speed it up and/or implement UpdateInBackground. 
2022-01-23 18:32:13,459 [  55820]   WARN - ctionSystem.impl.ActionUpdater - 1330 ms to call on BGT NewActionGroup#getChildren (com.intellij.ide.actions.NewActionGroup) 
2022-01-23 18:32:21,261 [  63622]   WARN - gnostic.PerformanceWatcherImpl - UI was frozen for 5510ms, details saved to /home/appmgr/.cache/JetBrains/IdeaIC2021.3/log/threadDumps-freeze-20220123-183220-IC-213.5744.223-5sec 
2022-01-23 18:32:21,299 [  63660]   WARN - ctionSystem.impl.ActionUpdater - 5544 ms to grab EDT for NewProjectAction#update (com.intellij.ide.actions.NewProjectAction) 
2022-01-23 18:32:21,419 [  63780]   WARN - ctionSystem.impl.ActionUpdater - 5649 ms to grab EDT for UndoAction#update (com.intellij.ide.actions.UndoAction) 
2022-01-23 18:32:21,988 [  64349]   WARN - ctionSystem.impl.ActionUpdater - 654 ms to grab EDT for OpenFileAction#update (com.intellij.ide.actions.OpenFileAction) 
2022-01-23 18:32:22,012 [  64373]   WARN - ctionSystem.impl.ActionUpdater - 579 ms to grab EDT for RedoAction#update (com.intellij.ide.actions.RedoAction) 
2022-01-23 18:32:22,567 [  64928]   WARN - ctionSystem.impl.ActionUpdater - 175 ms to call on EDT JsonCopyPointerAction#update (com.intellij.json.editor.JsonCopyPointerAction) - speed it up and/or implement UpdateInBackground. 
2022-01-23 18:32:22,861 [  65222]   WARN - ctionSystem.impl.ActionUpdater - 224 ms to call on EDT CacheRecoveryActionGroup#getChildren (com.intellij.ide.actions.cache.CacheRecoveryActionGroup) - speed it up and/or implement UpdateInBackground. 
2022-01-23 18:32:23,933 [  66294]   WARN - ctionSystem.impl.ActionUpdater - 108 ms to call on EDT OpenEmojiPickerAction#update (org.jetbrains.plugins.emojipicker.action.OpenEmojiPickerAction) - speed it up and/or implement UpdateInBackground. 
2022-01-23 18:32:24,271 [  66632]   WARN - ctionSystem.impl.ActionUpdater - 103 ms to call on EDT GotoSymbolAction#update (com.intellij.ide.actions.GotoSymbolAction) - speed it up and/or implement UpdateInBackground. 
2022-01-23 18:32:25,563 [  67924]   WARN - ctionSystem.impl.ActionUpdater - 1540 ms to call on BGT ExternalJavaDocAction#update (com.intellij.ide.actions.ExternalJavaDocAction) 
2022-01-23 18:32:25,802 [  68163]   WARN - ctionSystem.impl.ActionUpdater - 149 ms to call on EDT OpenInBrowserGroupAction#getChildren (com.intellij.ide.browsers.actions.OpenInBrowserBaseGroupAction$OpenInBrowserGroupAction) - speed it up and/or implement UpdateInBackground. 
2022-01-23 18:32:28,974 [  71335]   WARN - ctionSystem.impl.ActionUpdater - 3022 ms to call on BGT DefaultActionGroup#getChildren (com.intellij.openapi.actionSystem.DefaultActionGroup) 
2022-01-23 18:32:36,559 [  78920]   WARN - gnostic.PerformanceWatcherImpl - UI was frozen for 5025ms, details saved to /home/appmgr/.cache/JetBrains/IdeaIC2021.3/log/threadDumps-freeze-20220123-183236-IC-213.5744.223-5sec 
2022-01-23 18:32:36,737 [  79098]   WARN - ctionSystem.impl.ActionUpdater - 121 ms to call on EDT CWMTelephonyGroup#update (com.jetbrains.rd.platform.codeWithMe.telephony.CWMTelephonyGroup) - speed it up and/or implement UpdateInBackground. 
2022-01-23 18:32:46,285 [  88646]   WARN - gnostic.PerformanceWatcherImpl - UI was frozen for 9724ms, details saved to /home/appmgr/.cache/JetBrains/IdeaIC2021.3/log/threadDumps-freeze-20220123-183241-IC-213.5744.223-9sec 
2022-01-23 18:33:12,469 [ 114830]   WARN - gnostic.PerformanceWatcherImpl - UI was frozen for 5439ms, details saved to /home/appmgr/.cache/JetBrains/IdeaIC2021.3/log/threadDumps-freeze-20220123-183312-IC-213.5744.223-5sec 
2022-01-23 18:33:26,754 [ 129115]   WARN - ctionSystem.impl.ActionUpdater - 407 ms to grab EDT for CWMTelephonyGroup#update (com.jetbrains.rd.platform.codeWithMe.telephony.CWMTelephonyGroup) 
2022-01-23 18:33:30,944 [ 133305]   WARN - ctionSystem.impl.ActionUpdater - 571 ms to grab EDT for TabListAction#update (com.intellij.ide.actions.TabListAction) 
2022-01-23 18:33:31,012 [ 133373]   WARN - ctionSystem.impl.ActionUpdater - 639 ms to grab EDT for CWMHostShowPopupAction#update (com.jetbrains.rdserver.toolbar.CWMHostShowPopupAction) 
2022-01-23 18:33:31,764 [ 134125]   WARN - ctionSystem.impl.ActionUpdater - 360 ms to grab EDT for TabListAction#update (com.intellij.ide.actions.TabListAction) 
2022-01-23 18:33:32,670 [ 135031]   WARN - ctionSystem.impl.ActionUpdater - 212 ms to grab EDT for CodeWithMeUsersAction#update (com.jetbrains.rd.platform.codeWithMe.toolbar.CodeWithMeUsersAction) 
2022-01-23 18:33:33,111 [ 135472]   WARN - ctionSystem.impl.ActionUpdater - 170 ms to call on EDT SelectFileAction#update (com.intellij.ide.projectView.impl.SelectFileAction) - speed it up and/or implement UpdateInBackground. 
2022-01-23 18:33:33,509 [ 135870]   WARN - ctionSystem.impl.ActionUpdater - 214 ms to grab EDT for RunConfigurationsComboBoxAction#update (com.intellij.execution.actions.RunConfigurationsComboBoxAction) 
2022-01-23 18:33:34,398 [ 136759]   WARN - ctionSystem.impl.ActionUpdater - 490 ms to grab EDT for DockToolWindowAction#update (com.intellij.openapi.wm.impl.DockToolWindowAction) 
2022-01-23 18:33:35,136 [ 137497]   WARN - ctionSystem.impl.ActionUpdater - 149 ms to call on EDT OpenHtmlInEmbeddedBrowserAction#update (com.intellij.ide.browsers.actions.OpenHtmlInEmbeddedBrowserAction) - speed it up and/or implement UpdateInBackground. 
2022-01-23 18:33:38,697 [ 141058]   WARN - ctionSystem.impl.ActionUpdater - 230 ms to grab EDT for SwitchTaskAction#update (com.intellij.tasks.actions.SwitchTaskAction) 
2022-01-23 18:33:38,845 [ 141206]   WARN - ctionSystem.impl.ActionUpdater - 147 ms to call on EDT StepOverAction#update (com.intellij.xdebugger.impl.actions.StepOverAction) - speed it up and/or implement UpdateInBackground. 
2022-01-23 18:33:39,583 [ 141944]   WARN - ctionSystem.impl.ActionUpdater - 379 ms to grab EDT for ImportTestsGroup#update (com.intellij.execution.testframework.sm.runner.history.actions.ImportTestsGroup) 
2022-01-23 18:33:39,584 [ 141945]   WARN - ctionSystem.impl.ActionUpdater - 356 ms to grab EDT for QodanaShowReportGroup#canBePerformed (org.jetbrains.qodana.highlight.QodanaShowReportGroup) 
2022-01-23 18:33:40,497 [ 142858]   WARN - ctionSystem.impl.ActionUpdater - 226 ms to grab EDT for TabListAction#update (com.intellij.ide.actions.TabListAction) 
2022-01-23 18:33:40,546 [ 142907]   WARN - ctionSystem.impl.ActionUpdater - 235 ms to grab EDT for CodeWithMeUsersAction#update (com.jetbrains.rd.platform.codeWithMe.toolbar.CodeWithMeUsersAction) 
2022-01-23 18:33:41,377 [ 143738]   WARN - ctionSystem.impl.ActionUpdater - 310 ms to grab EDT for #getChildren (com.intellij.openapi.wm.impl.ToolWindowHeader$1) 
2022-01-23 18:33:41,824 [ 144185]   WARN - ctionSystem.impl.ActionUpdater - 282 ms to grab EDT for ExpandAllAction#update (com.intellij.ide.actions.ExpandAllAction) 
2022-01-23 18:33:44,040 [ 146401]   WARN - ctionSystem.impl.ActionUpdater - 138 ms to call on EDT ToggleLineBreakpointAction#update (com.intellij.xdebugger.impl.actions.ToggleLineBreakpointAction) - speed it up and/or implement UpdateInBackground. 
2022-01-23 18:33:44,574 [ 146935]   WARN - ctionSystem.impl.ActionUpdater - 223 ms to call on EDT AndroidToolsActionGroup#update (org.jetbrains.android.actions.AndroidToolsActionGroup) - speed it up and/or implement UpdateInBackground. 
2022-01-23 18:33:44,635 [ 146996]   WARN - ctionSystem.impl.ActionUpdater - 320 ms to grab EDT for GitTag#update (git4idea.actions.GitTag) 
2022-01-23 18:33:45,719 [ 148080]   WARN - ctionSystem.impl.ActionUpdater - 119 ms to call on EDT InsertAction#update (org.intellij.plugins.markdown.ui.actions.InsertAction) - speed it up and/or implement UpdateInBackground. 
2022-01-23 18:33:45,976 [ 148337]   WARN - ctionSystem.impl.ActionUpdater - 210 ms to grab EDT for DefaultCompactActionGroup#update (com.intellij.openapi.actionSystem.DefaultCompactActionGroup) 
2022-01-23 18:33:47,507 [ 149868]   WARN - ctionSystem.impl.ActionUpdater - 1110 ms to call on BGT GenerateAction#update (com.intellij.codeInsight.generation.actions.GenerateAction) 
2022-01-23 18:33:48,176 [ 150537]   WARN - ctionSystem.impl.ActionUpdater - 3158 ms to call on BGT DefaultActionGroup#getChildren (com.intellij.openapi.actionSystem.DefaultActionGroup) 
2022-01-23 18:33:49,699 [ 152060]   WARN - ctionSystem.impl.ActionUpdater - 358 ms to grab EDT for TabListAction#update (com.intellij.ide.actions.TabListAction) 
2022-01-23 18:33:50,009 [ 152370]   WARN - ctionSystem.impl.ActionUpdater - 655 ms to grab EDT for CWMTelephonyGroup#update (com.jetbrains.rd.platform.codeWithMe.telephony.CWMTelephonyGroup) 
2022-01-23 18:33:56,904 [ 159265]   WARN - ctionSystem.impl.ActionUpdater - 202 ms to grab EDT for CWMTelephonyGroup#update (com.jetbrains.rd.platform.codeWithMe.telephony.CWMTelephonyGroup) 
2022-01-23 18:34:03,314 [ 165675]   WARN - ctionSystem.impl.ActionUpdater - 281 ms to grab EDT for TabListAction#update (com.intellij.ide.actions.TabListAction) 
2022-01-23 18:34:03,326 [ 165687]   WARN - ctionSystem.impl.ActionUpdater - 289 ms to grab EDT for CWMTelephonyGroup#update (com.jetbrains.rd.platform.codeWithMe.telephony.CWMTelephonyGroup) 
2022-01-23 18:34:06,903 [ 169264]   WARN - ctionSystem.impl.ActionUpdater - 1414 ms to call on BGT DefaultActionGroup#getChildren (com.intellij.openapi.actionSystem.DefaultActionGroup) 
2022-01-23 18:34:07,534 [ 169895]   WARN - ctionSystem.impl.ActionUpdater - 130 ms to call on EDT MarkSourceRootActionGroup#getChildren (com.intellij.ide.projectView.actions.MarkSourceRootActionGroup) - speed it up and/or implement UpdateInBackground. 
2022-01-23 18:34:14,908 [ 177269]   WARN - ctionSystem.impl.ActionUpdater - 6345 ms to call on BGT RunContextAction#update (com.intellij.execution.actions.RunContextAction) 
2022-01-23 18:34:14,941 [ 177302]   WARN - ctionSystem.impl.ActionUpdater - 6382 ms to call on BGT RunContextAction#update (com.intellij.execution.actions.RunContextAction) 
2022-01-23 18:34:15,256 [ 177617]   WARN - ctionSystem.impl.ActionUpdater - 152 ms to call on EDT PackageFileAction#update (com.intellij.packaging.impl.ui.actions.PackageFileAction) - speed it up and/or implement UpdateInBackground. 
2022-01-23 18:35:37,681 [ 260042]   WARN - ctionSystem.impl.ActionUpdater - 429 ms to grab EDT for TabListAction#update (com.intellij.ide.actions.TabListAction) 
2022-01-23 18:35:37,683 [ 260044]   WARN - ctionSystem.impl.ActionUpdater - 422 ms to grab EDT for CWMHostShowPopupAction#update (com.jetbrains.rdserver.toolbar.CWMHostShowPopupAction) 
2022-01-23 19:18:18,666 [2821027]   WARN - ctionSystem.impl.ActionUpdater - 285 ms to grab EDT for CWMTelephonyGroup#update (com.jetbrains.rd.platform.codeWithMe.telephony.CWMTelephonyGroup) 
2022-01-23 19:18:19,410 [2821771]   WARN - com.intellij.util.xmlb.Binding - no accessors for org.jetbrains.idea.perforce.perforce.ConnectionId 
